# JRE version: OpenJDK Runtime Environment (11.0.14+9) (build 11.0.14+9-Ubuntu-0ubuntu2)
# Java VM: OpenJDK 64-Bit Server VM (11.0.14+9-Ubuntu-0ubuntu2, mixed mode, sharing, tiered, compressed oops, g1 gc, linux-amd64)
Heap:
 garbage-first heap   total 113664K, used 59269K [0x00000000c4000000, 0x0000000100000000)
  region size 1024K, 45 young (46080K), 5 survivors (5120K)
 Metaspace       used 47115K, capacity 48518K, committed 48796K, reserved 1091584K
  class space    used 6228K, capacity 6771K, committed 6908K, reserved 1048576K
GC Heap History (20 events):
Event: 0,251 GC heap before
{Heap before GC invocations=0 (full 0):
 garbage-first heap   total 63488K, used 15048K [0x00000000c4000000, 0x0000000100000000)
  region size 1024K, 14 young (14336K), 0 survivors (0K)
 Metaspace       used 2884K, capacity 6093K, committed 6272K, reserved 1056768K
  class space    used 323K, capacity 588K, committed 640K, reserved 1048576K
}
Event: 0,258 GC heap after
{Heap after GC invocations=1 (full 0):
 garbage-first heap   total 63488K, used 6183K [0x00000000c4000000, 0x0000000100000000)
  region size 1024K, 2 young (2048K), 2 survivors (2048K)
 Metaspace       used 2884K, capacity 6093K, committed 6272K, reserved 1056768K
  class space    used 323K, capacity 588K, committed 640K, reserved 1048576K
}
Event: 0,371 GC heap before
{Heap before GC invocations=1 (full 0):
 garbage-first heap   total 63488K, used 17447K [0x00000000c4000000, 0x0000000100000000)
  region size 1024K, 13 young (13312K), 2 survivors (2048K)
 Metaspace       used 5085K, capacity 7760K, committed 7936K, reserved 1056768K
  class space    used 658K, capacity 898K, committed 1024K, reserved 1048576K
}
Event: 0,377 GC heap after
{Heap after GC invocations=2 (full 0):
 garbage-first heap   total 63488K, used 7064K [0x00000000c4000000, 0x0000000100000000)
  region size 1024K, 1 young (1024K), 1 survivors (1024K)
 Metaspace       used 5085K, capacity 7760K, committed 7936K, reserved 1056768K
  class space    used 658K, capacity 898K, committed 1024K, reserved 1048576K
}
Event: 0,519 GC heap before
{Heap before GC invocations=2 (full 0):
 garbage-first heap   total 63488K, used 29592K [0x00000000c4000000, 0x0000000100000000)
  region size 1024K, 23 young (23552K), 1 survivors (1024K)
 Metaspace       used 9066K, capacity 11125K, committed 11264K, reserved 1058816K
  class space    used 1209K, capacity 1458K, committed 1536K, reserved 1048576K
}
Event: 0,522 GC heap after
{Heap after GC invocations=3 (full 0):
 garbage-first heap   total 63488K, used 8096K [0x00000000c4000000, 0x0000000100000000)
  region size 1024K, 2 young (2048K), 2 survivors (2048K)
 Metaspace       used 9066K, capacity 11125K, committed 11264K, reserved 1058816K
  class space    used 1209K, capacity 1458K, committed 1536K, reserved 1048576K
}
Event: 0,634 GC heap before
{Heap before GC invocations=3 (full 0):
 garbage-first heap   total 63488K, used 32672K [0x00000000c4000000, 0x0000000100000000)
  region size 1024K, 27 young (27648K), 2 survivors (2048K)
 Metaspace       used 12921K, capacity 14621K, committed 14720K, reserved 1062912K
  class space    used 1691K, capacity 1904K, committed 1920K, reserved 1048576K
}
Event: 0,637 GC heap after
{Heap after GC invocations=4 (full 0):
 garbage-first heap   total 63488K, used 9458K [0x00000000c4000000, 0x0000000100000000)
  region size 1024K, 4 young (4096K), 4 survivors (4096K)
 Metaspace       used 12921K, capacity 14621K, committed 14720K, reserved 1062912K
  class space    used 1691K, capacity 1904K, committed 1920K, reserved 1048576K
}
Event: 0,831 GC heap before
{Heap before GC invocations=4 (full 0):
 garbage-first heap   total 63488K, used 36082K [0x00000000c4000000, 0x0000000100000000)
  region size 1024K, 30 young (30720K), 4 survivors (4096K)
 Metaspace       used 14705K, capacity 16509K, committed 16640K, reserved 1062912K
  class space    used 1962K, capacity 2212K, committed 2304K, reserved 1048576K
}
Event: 0,836 GC heap after
{Heap after GC invocations=5 (full 0):
 garbage-first heap   total 86016K, used 10549K [0x00000000c4000000, 0x0000000100000000)
  region size 1024K, 3 young (3072K), 3 survivors (3072K)
 Metaspace       used 14705K, capacity 16509K, committed 16640K, reserved 1062912K
  class space    used 1962K, capacity 2212K, committed 2304K, reserved 1048576K
}
Event: 1,111 GC heap before
{Heap before GC invocations=5 (full 0):
 garbage-first heap   total 86016K, used 46389K [0x00000000c4000000, 0x0000000100000000)
  region size 1024K, 39 young (39936K), 3 survivors (3072K)
 Metaspace       used 19831K, capacity 21181K, committed 21248K, reserved 1067008K
  class space    used 2687K, capacity 3043K, committed 3072K, reserved 1048576K
}
Event: 1,117 GC heap after
{Heap after GC invocations=6 (full 0):
 garbage-first heap   total 86016K, used 13020K [0x00000000c4000000, 0x0000000100000000)
  region size 1024K, 5 young (5120K), 5 survivors (5120K)
 Metaspace       used 19831K, capacity 21181K, committed 21248K, reserved 1067008K
  class space    used 2687K, capacity 3043K, committed 3072K, reserved 1048576K
}
Event: 1,377 GC heap before
{Heap before GC invocations=7 (full 0):
 garbage-first heap   total 86016K, used 55004K [0x00000000c4000000, 0x0000000100000000)
  region size 1024K, 46 young (47104K), 5 survivors (5120K)
 Metaspace       used 26811K, capacity 27909K, committed 28284K, reserved 1073152K
  class space    used 3469K, capacity 3895K, committed 3964K, reserved 1048576K
}
Event: 1,384 GC heap after
{Heap after GC invocations=8 (full 0):
 garbage-first heap   total 86016K, used 16217K [0x00000000c4000000, 0x0000000100000000)
  region size 1024K, 6 young (6144K), 6 survivors (6144K)
 Metaspace       used 26811K, capacity 27909K, committed 28284K, reserved 1073152K
  class space    used 3469K, capacity 3895K, committed 3964K, reserved 1048576K
}
Event: 1,606 GC heap before
{Heap before GC invocations=8 (full 0):
 garbage-first heap   total 86016K, used 58201K [0x00000000c4000000, 0x0000000100000000)
  region size 1024K, 47 young (48128K), 6 survivors (6144K)
 Metaspace       used 34066K, capacity 35213K, committed 35580K, reserved 1079296K
  class space    used 4546K, capacity 4984K, committed 5116K, reserved 1048576K
}
Event: 1,612 GC heap after
{Heap after GC invocations=9 (full 0):
 garbage-first heap   total 86016K, used 18201K [0x00000000c4000000, 0x0000000100000000)
  region size 1024K, 2 young (2048K), 2 survivors (2048K)
 Metaspace       used 34066K, capacity 35213K, committed 35580K, reserved 1079296K
  class space    used 4546K, capacity 4984K, committed 5116K, reserved 1048576K
}
Event: 1,630 GC heap before
{Heap before GC invocations=9 (full 0):
 garbage-first heap   total 86016K, used 22297K [0x00000000c4000000, 0x0000000100000000)
  region size 1024K, 7 young (7168K), 2 survivors (2048K)
 Metaspace       used 34601K, capacity 35763K, committed 36048K, reserved 1081344K
  class space    used 4646K, capacity 5082K, committed 5116K, reserved 1048576K
}
Event: 1,633 GC heap after
{Heap after GC invocations=10 (full 0):
 garbage-first heap   total 113664K, used 18142K [0x00000000c4000000, 0x0000000100000000)
  region size 1024K, 2 young (2048K), 2 survivors (2048K)
 Metaspace       used 34601K, capacity 35763K, committed 36048K, reserved 1081344K
  class space    used 4646K, capacity 5082K, committed 5116K, reserved 1048576K
}
Event: 1,906 GC heap before
{Heap before GC invocations=11 (full 0):
 garbage-first heap   total 113664K, used 59102K [0x00000000c4000000, 0x0000000100000000)
  region size 1024K, 42 young (43008K), 2 survivors (2048K)
 Metaspace       used 39573K, capacity 40893K, committed 41244K, reserved 1085440K
  class space    used 5402K, capacity 5933K, committed 6012K, reserved 1048576K
}
Event: 1,910 GC heap after
{Heap after GC invocations=12 (full 0):
 garbage-first heap   total 113664K, used 20357K [0x00000000c4000000, 0x0000000100000000)
  region size 1024K, 5 young (5120K), 5 survivors (5120K)
 Metaspace       used 39573K, capacity 40893K, committed 41244K, reserved 1085440K
  class space    used 5402K, capacity 5933K, committed 6012K, reserved 1048576K
}

