# JRE version: OpenJDK Runtime Environment (11.0.14+9) (build 11.0.14+9-Ubuntu-0ubuntu2)
# Java VM: OpenJDK 64-Bit Server VM (11.0.14+9-Ubuntu-0ubuntu2, mixed mode, sharing, tiered, compressed oops, g1 gc, linux-amd64)
Heap:
 garbage-first heap   total 120832K, used 57124K [0x00000000c4000000, 0x0000000100000000)
  region size 1024K, 41 young (41984K), 5 survivors (5120K)
 Metaspace       used 47148K, capacity 48581K, committed 48668K, reserved 1091584K
  class space    used 6227K, capacity 6771K, committed 6784K, reserved 1048576K
GC Heap History (20 events):
Event: 0,360 GC heap before
{Heap before GC invocations=1 (full 0):
 garbage-first heap   total 63488K, used 16409K [0x00000000c4000000, 0x0000000100000000)
  region size 1024K, 12 young (12288K), 2 survivors (2048K)
 Metaspace       used 4941K, capacity 7592K, committed 7808K, reserved 1056768K
  class space    used 640K, capacity 863K, committed 896K, reserved 1048576K
}
Event: 0,366 GC heap after
{Heap after GC invocations=2 (full 0):
 garbage-first heap   total 63488K, used 7033K [0x00000000c4000000, 0x0000000100000000)
  region size 1024K, 1 young (1024K), 1 survivors (1024K)
 Metaspace       used 4941K, capacity 7592K, committed 7808K, reserved 1056768K
  class space    used 640K, capacity 863K, committed 896K, reserved 1048576K
}
Event: 0,514 GC heap before
{Heap before GC invocations=2 (full 0):
 garbage-first heap   total 63488K, used 28537K [0x00000000c4000000, 0x0000000100000000)
  region size 1024K, 23 young (23552K), 1 survivors (1024K)
 Metaspace       used 8865K, capacity 10965K, committed 11264K, reserved 1058816K
  class space    used 1190K, capacity 1426K, committed 1536K, reserved 1048576K
}
Event: 0,516 GC heap after
{Heap after GC invocations=3 (full 0):
 garbage-first heap   total 63488K, used 8126K [0x00000000c4000000, 0x0000000100000000)
  region size 1024K, 2 young (2048K), 2 survivors (2048K)
 Metaspace       used 8865K, capacity 10965K, committed 11264K, reserved 1058816K
  class space    used 1190K, capacity 1426K, committed 1536K, reserved 1048576K
}
Event: 0,620 GC heap before
{Heap before GC invocations=3 (full 0):
 garbage-first heap   total 63488K, used 31678K [0x00000000c4000000, 0x0000000100000000)
  region size 1024K, 26 young (26624K), 2 survivors (2048K)
 Metaspace       used 12726K, capacity 14477K, committed 14720K, reserved 1062912K
  class space    used 1669K, capacity 1897K, committed 1920K, reserved 1048576K
}
Event: 0,623 GC heap after
{Heap after GC invocations=4 (full 0):
 garbage-first heap   total 63488K, used 9240K [0x00000000c4000000, 0x0000000100000000)
  region size 1024K, 3 young (3072K), 3 survivors (3072K)
 Metaspace       used 12726K, capacity 14477K, committed 14720K, reserved 1062912K
  class space    used 1669K, capacity 1897K, committed 1920K, reserved 1048576K
}
Event: 0,812 GC heap before
{Heap before GC invocations=4 (full 0):
 garbage-first heap   total 63488K, used 35864K [0x00000000c4000000, 0x0000000100000000)
  region size 1024K, 29 young (29696K), 3 survivors (3072K)
 Metaspace       used 14499K, capacity 16316K, committed 16512K, reserved 1062912K
  class space    used 1927K, capacity 2170K, committed 2176K, reserved 1048576K
}
Event: 0,818 GC heap after
{Heap after GC invocations=5 (full 0):
 garbage-first heap   total 84992K, used 10180K [0x00000000c4000000, 0x0000000100000000)
  region size 1024K, 3 young (3072K), 3 survivors (3072K)
 Metaspace       used 14499K, capacity 16316K, committed 16512K, reserved 1062912K
  class space    used 1927K, capacity 2170K, committed 2176K, reserved 1048576K
}
Event: 1,084 GC heap before
{Heap before GC invocations=5 (full 0):
 garbage-first heap   total 84992K, used 42948K [0x00000000c4000000, 0x0000000100000000)
  region size 1024K, 35 young (35840K), 3 survivors (3072K)
 Metaspace       used 18821K, capacity 20602K, committed 20736K, reserved 1067008K
  class space    used 2594K, capacity 2978K, committed 3072K, reserved 1048576K
}
Event: 1,090 GC heap after
{Heap after GC invocations=6 (full 0):
 garbage-first heap   total 84992K, used 12439K [0x00000000c4000000, 0x0000000100000000)
  region size 1024K, 5 young (5120K), 5 survivors (5120K)
 Metaspace       used 18821K, capacity 20602K, committed 20736K, reserved 1067008K
  class space    used 2594K, capacity 2978K, committed 3072K, reserved 1048576K
}
Event: 1,117 GC heap before
{Heap before GC invocations=6 (full 0):
 garbage-first heap   total 84992K, used 16535K [0x00000000c4000000, 0x0000000100000000)
  region size 1024K, 10 young (10240K), 5 survivors (5120K)
 Metaspace       used 19745K, capacity 21178K, committed 21248K, reserved 1067008K
  class space    used 2689K, capacity 3042K, committed 3072K, reserved 1048576K
}
Event: 1,123 GC heap after
{Heap after GC invocations=7 (full 0):
 garbage-first heap   total 84992K, used 12822K [0x00000000c4000000, 0x0000000100000000)
  region size 1024K, 3 young (3072K), 3 survivors (3072K)
 Metaspace       used 19745K, capacity 21178K, committed 21248K, reserved 1067008K
  class space    used 2689K, capacity 3042K, committed 3072K, reserved 1048576K
}
Event: 1,354 GC heap before
{Heap before GC invocations=8 (full 0):
 garbage-first heap   total 84992K, used 49686K [0x00000000c4000000, 0x0000000100000000)
  region size 1024K, 39 young (39936K), 3 survivors (3072K)
 Metaspace       used 25638K, capacity 26707K, committed 26876K, reserved 1073152K
  class space    used 3365K, capacity 3795K, committed 3840K, reserved 1048576K
}
Event: 1,363 GC heap after
{Heap after GC invocations=9 (full 0):
 garbage-first heap   total 84992K, used 16404K [0x00000000c4000000, 0x0000000100000000)
  region size 1024K, 4 young (4096K), 4 survivors (4096K)
 Metaspace       used 25638K, capacity 26707K, committed 26876K, reserved 1073152K
  class space    used 3365K, capacity 3795K, committed 3840K, reserved 1048576K
}
Event: 1,555 GC heap before
{Heap before GC invocations=9 (full 0):
 garbage-first heap   total 84992K, used 53268K [0x00000000c4000000, 0x0000000100000000)
  region size 1024K, 40 young (40960K), 4 survivors (4096K)
 Metaspace       used 31785K, capacity 32932K, committed 33148K, reserved 1077248K
  class space    used 4276K, capacity 4735K, committed 4736K, reserved 1048576K
}
Event: 1,560 GC heap after
{Heap after GC invocations=10 (full 0):
 garbage-first heap   total 120832K, used 18100K [0x00000000c4000000, 0x0000000100000000)
  region size 1024K, 2 young (2048K), 2 survivors (2048K)
 Metaspace       used 31785K, capacity 32932K, committed 33148K, reserved 1077248K
  class space    used 4276K, capacity 4735K, committed 4736K, reserved 1048576K
}
Event: 1,651 GC heap before
{Heap before GC invocations=10 (full 0):
 garbage-first heap   total 120832K, used 33460K [0x00000000c4000000, 0x0000000100000000)
  region size 1024K, 18 young (18432K), 2 survivors (2048K)
 Metaspace       used 34720K, capacity 35858K, committed 36048K, reserved 1081344K
  class space    used 4677K, capacity 5114K, committed 5120K, reserved 1048576K
}
Event: 1,655 GC heap after
{Heap after GC invocations=11 (full 0):
 garbage-first heap   total 120832K, used 18430K [0x00000000c4000000, 0x0000000100000000)
  region size 1024K, 3 young (3072K), 3 survivors (3072K)
 Metaspace       used 34720K, capacity 35858K, committed 36048K, reserved 1081344K
  class space    used 4677K, capacity 5114K, committed 5120K, reserved 1048576K
}
Event: 1,972 GC heap before
{Heap before GC invocations=12 (full 0):
 garbage-first heap   total 120832K, used 64510K [0x00000000c4000000, 0x0000000100000000)
  region size 1024K, 48 young (49152K), 3 survivors (3072K)
 Metaspace       used 40066K, capacity 41378K, committed 41500K, reserved 1085440K
  class space    used 5473K, capacity 5988K, committed 6016K, reserved 1048576K
}
Event: 1,978 GC heap after
{Heap after GC invocations=13 (full 0):
 garbage-first heap   total 120832K, used 21284K [0x00000000c4000000, 0x0000000100000000)
  region size 1024K, 5 young (5120K), 5 survivors (5120K)
 Metaspace       used 40066K, capacity 41378K, committed 41500K, reserved 1085440K
  class space    used 5473K, capacity 5988K, committed 6016K, reserved 1048576K
}

