# JRE version: OpenJDK Runtime Environment (11.0.14+9) (build 11.0.14+9-Ubuntu-0ubuntu2)
# Java VM: OpenJDK 64-Bit Server VM (11.0.14+9-Ubuntu-0ubuntu2, mixed mode, sharing, tiered, compressed oops, g1 gc, linux-amd64)
Heap:
 garbage-first heap   total 122880K, used 58418K [0x00000000c4000000, 0x0000000100000000)
  region size 1024K, 42 young (43008K), 5 survivors (5120K)
 Metaspace       used 47134K, capacity 48581K, committed 48796K, reserved 1091584K
  class space    used 6227K, capacity 6771K, committed 6908K, reserved 1048576K
GC Heap History (20 events):
Event: 0,353 GC heap before
{Heap before GC invocations=1 (full 0):
 garbage-first heap   total 63488K, used 15375K [0x00000000c4000000, 0x0000000100000000)
  region size 1024K, 11 young (11264K), 2 survivors (2048K)
 Metaspace       used 4697K, capacity 7433K, committed 7552K, reserved 1056768K
  class space    used 607K, capacity 852K, committed 896K, reserved 1048576K
}
Event: 0,359 GC heap after
{Heap after GC invocations=2 (full 0):
 garbage-first heap   total 63488K, used 7099K [0x00000000c4000000, 0x0000000100000000)
  region size 1024K, 1 young (1024K), 1 survivors (1024K)
 Metaspace       used 4697K, capacity 7433K, committed 7552K, reserved 1056768K
  class space    used 607K, capacity 852K, committed 896K, reserved 1048576K
}
Event: 0,503 GC heap before
{Heap before GC invocations=2 (full 0):
 garbage-first heap   total 63488K, used 29627K [0x00000000c4000000, 0x0000000100000000)
  region size 1024K, 23 young (23552K), 1 survivors (1024K)
 Metaspace       used 8667K, capacity 10798K, committed 10880K, reserved 1058816K
  class space    used 1160K, capacity 1392K, committed 1408K, reserved 1048576K
}
Event: 0,506 GC heap after
{Heap after GC invocations=3 (full 0):
 garbage-first heap   total 63488K, used 8176K [0x00000000c4000000, 0x0000000100000000)
  region size 1024K, 2 young (2048K), 2 survivors (2048K)
 Metaspace       used 8667K, capacity 10798K, committed 10880K, reserved 1058816K
  class space    used 1160K, capacity 1392K, committed 1408K, reserved 1048576K
}
Event: 0,613 GC heap before
{Heap before GC invocations=3 (full 0):
 garbage-first heap   total 63488K, used 32752K [0x00000000c4000000, 0x0000000100000000)
  region size 1024K, 26 young (26624K), 2 survivors (2048K)
 Metaspace       used 12588K, capacity 14316K, committed 14464K, reserved 1062912K
  class space    used 1652K, capacity 1865K, committed 1920K, reserved 1048576K
}
Event: 0,617 GC heap after
{Heap after GC invocations=4 (full 0):
 garbage-first heap   total 63488K, used 9297K [0x00000000c4000000, 0x0000000100000000)
  region size 1024K, 3 young (3072K), 3 survivors (3072K)
 Metaspace       used 12588K, capacity 14316K, committed 14464K, reserved 1062912K
  class space    used 1652K, capacity 1865K, committed 1920K, reserved 1048576K
}
Event: 0,803 GC heap before
{Heap before GC invocations=4 (full 0):
 garbage-first heap   total 63488K, used 35921K [0x00000000c4000000, 0x0000000100000000)
  region size 1024K, 29 young (29696K), 3 survivors (3072K)
 Metaspace       used 14317K, capacity 16123K, committed 16256K, reserved 1062912K
  class space    used 1902K, capacity 2170K, committed 2176K, reserved 1048576K
}
Event: 0,808 GC heap after
{Heap after GC invocations=5 (full 0):
 garbage-first heap   total 88064K, used 10354K [0x00000000c4000000, 0x0000000100000000)
  region size 1024K, 3 young (3072K), 3 survivors (3072K)
 Metaspace       used 14317K, capacity 16123K, committed 16256K, reserved 1062912K
  class space    used 1902K, capacity 2170K, committed 2176K, reserved 1048576K
}
Event: 1,078 GC heap before
{Heap before GC invocations=5 (full 0):
 garbage-first heap   total 88064K, used 44146K [0x00000000c4000000, 0x0000000100000000)
  region size 1024K, 36 young (36864K), 3 survivors (3072K)
 Metaspace       used 18781K, capacity 20601K, committed 20736K, reserved 1067008K
  class space    used 2586K, capacity 2978K, committed 3072K, reserved 1048576K
}
Event: 1,084 GC heap after
{Heap after GC invocations=6 (full 0):
 garbage-first heap   total 88064K, used 12731K [0x00000000c4000000, 0x0000000100000000)
  region size 1024K, 5 young (5120K), 5 survivors (5120K)
 Metaspace       used 18781K, capacity 20601K, committed 20736K, reserved 1067008K
  class space    used 2586K, capacity 2978K, committed 3072K, reserved 1048576K
}
Event: 1,113 GC heap before
{Heap before GC invocations=6 (full 0):
 garbage-first heap   total 88064K, used 16827K [0x00000000c4000000, 0x0000000100000000)
  region size 1024K, 10 young (10240K), 5 survivors (5120K)
 Metaspace       used 19814K, capacity 21180K, committed 21248K, reserved 1067008K
  class space    used 2687K, capacity 3043K, committed 3072K, reserved 1048576K
}
Event: 1,119 GC heap after
{Heap after GC invocations=7 (full 0):
 garbage-first heap   total 88064K, used 13120K [0x00000000c4000000, 0x0000000100000000)
  region size 1024K, 3 young (3072K), 3 survivors (3072K)
 Metaspace       used 19814K, capacity 21180K, committed 21248K, reserved 1067008K
  class space    used 2687K, capacity 3043K, committed 3072K, reserved 1048576K
}
Event: 1,358 GC heap before
{Heap before GC invocations=8 (full 0):
 garbage-first heap   total 88064K, used 51008K [0x00000000c4000000, 0x0000000100000000)
  region size 1024K, 40 young (40960K), 3 survivors (3072K)
 Metaspace       used 26083K, capacity 27126K, committed 27516K, reserved 1073152K
  class space    used 3391K, capacity 3828K, committed 3964K, reserved 1048576K
}
Event: 1,366 GC heap after
{Heap after GC invocations=9 (full 0):
 garbage-first heap   total 88064K, used 16668K [0x00000000c4000000, 0x0000000100000000)
  region size 1024K, 4 young (4096K), 4 survivors (4096K)
 Metaspace       used 26083K, capacity 27126K, committed 27516K, reserved 1073152K
  class space    used 3391K, capacity 3828K, committed 3964K, reserved 1048576K
}
Event: 1,561 GC heap before
{Heap before GC invocations=9 (full 0):
 garbage-first heap   total 88064K, used 54556K [0x00000000c4000000, 0x0000000100000000)
  region size 1024K, 41 young (41984K), 4 survivors (4096K)
 Metaspace       used 32295K, capacity 33446K, committed 33788K, reserved 1079296K
  class space    used 4339K, capacity 4779K, committed 4860K, reserved 1048576K
}
Event: 1,566 GC heap after
{Heap after GC invocations=10 (full 0):
 garbage-first heap   total 122880K, used 18503K [0x00000000c4000000, 0x0000000100000000)
  region size 1024K, 2 young (2048K), 2 survivors (2048K)
 Metaspace       used 32295K, capacity 33446K, committed 33788K, reserved 1079296K
  class space    used 4339K, capacity 4779K, committed 4860K, reserved 1048576K
}
Event: 1,635 GC heap before
{Heap before GC invocations=10 (full 0):
 garbage-first heap   total 122880K, used 30791K [0x00000000c4000000, 0x0000000100000000)
  region size 1024K, 15 young (15360K), 2 survivors (2048K)
 Metaspace       used 34591K, capacity 35698K, committed 36048K, reserved 1081344K
  class space    used 4645K, capacity 5082K, committed 5116K, reserved 1048576K
}
Event: 1,639 GC heap after
{Heap after GC invocations=11 (full 0):
 garbage-first heap   total 122880K, used 18543K [0x00000000c4000000, 0x0000000100000000)
  region size 1024K, 2 young (2048K), 2 survivors (2048K)
 Metaspace       used 34591K, capacity 35698K, committed 36048K, reserved 1081344K
  class space    used 4645K, capacity 5082K, committed 5116K, reserved 1048576K
}
Event: 1,950 GC heap before
{Heap before GC invocations=12 (full 0):
 garbage-first heap   total 122880K, used 64623K [0x00000000c4000000, 0x0000000100000000)
  region size 1024K, 47 young (48128K), 2 survivors (2048K)
 Metaspace       used 39876K, capacity 41229K, committed 41500K, reserved 1085440K
  class space    used 5452K, capacity 5979K, committed 6012K, reserved 1048576K
}
Event: 1,955 GC heap after
{Heap after GC invocations=13 (full 0):
 garbage-first heap   total 122880K, used 21554K [0x00000000c4000000, 0x0000000100000000)
  region size 1024K, 5 young (5120K), 5 survivors (5120K)
 Metaspace       used 39876K, capacity 41229K, committed 41500K, reserved 1085440K
  class space    used 5452K, capacity 5979K, committed 6012K, reserved 1048576K
}

