# JRE version: OpenJDK Runtime Environment (11.0.14+9) (build 11.0.14+9-Ubuntu-0ubuntu2)
# Java VM: OpenJDK 64-Bit Server VM (11.0.14+9-Ubuntu-0ubuntu2, mixed mode, sharing, tiered, compressed oops, g1 gc, linux-amd64)
Heap:
 garbage-first heap   total 117760K, used 60056K [0x00000000c4000000, 0x0000000100000000)
  region size 1024K, 44 young (45056K), 5 survivors (5120K)
 Metaspace       used 47099K, capacity 48519K, committed 48796K, reserved 1091584K
  class space    used 6226K, capacity 6771K, committed 6908K, reserved 1048576K
GC Heap History (20 events):
Event: 0,400 GC heap before
{Heap before GC invocations=1 (full 0):
 garbage-first heap   total 63488K, used 15437K [0x00000000c4000000, 0x0000000100000000)
  region size 1024K, 11 young (11264K), 2 survivors (2048K)
 Metaspace       used 4604K, capacity 7424K, committed 7552K, reserved 1056768K
  class space    used 597K, capacity 849K, committed 896K, reserved 1048576K
}
Event: 0,405 GC heap after
{Heap after GC invocations=2 (full 0):
 garbage-first heap   total 63488K, used 6908K [0x00000000c4000000, 0x0000000100000000)
  region size 1024K, 1 young (1024K), 1 survivors (1024K)
 Metaspace       used 4604K, capacity 7424K, committed 7552K, reserved 1056768K
  class space    used 597K, capacity 849K, committed 896K, reserved 1048576K
}
Event: 0,588 GC heap before
{Heap before GC invocations=2 (full 0):
 garbage-first heap   total 63488K, used 29436K [0x00000000c4000000, 0x0000000100000000)
  region size 1024K, 23 young (23552K), 1 survivors (1024K)
 Metaspace       used 8594K, capacity 10735K, committed 10880K, reserved 1058816K
  class space    used 1155K, capacity 1392K, committed 1408K, reserved 1048576K
}
Event: 0,591 GC heap after
{Heap after GC invocations=3 (full 0):
 garbage-first heap   total 63488K, used 8052K [0x00000000c4000000, 0x0000000100000000)
  region size 1024K, 2 young (2048K), 2 survivors (2048K)
 Metaspace       used 8594K, capacity 10735K, committed 10880K, reserved 1058816K
  class space    used 1155K, capacity 1392K, committed 1408K, reserved 1048576K
}
Event: 0,728 GC heap before
{Heap before GC invocations=3 (full 0):
 garbage-first heap   total 63488K, used 32628K [0x00000000c4000000, 0x0000000100000000)
  region size 1024K, 26 young (26624K), 2 survivors (2048K)
 Metaspace       used 12490K, capacity 14253K, committed 14464K, reserved 1062912K
  class space    used 1646K, capacity 1865K, committed 1920K, reserved 1048576K
}
Event: 0,731 GC heap after
{Heap after GC invocations=4 (full 0):
 garbage-first heap   total 63488K, used 9247K [0x00000000c4000000, 0x0000000100000000)
  region size 1024K, 3 young (3072K), 3 survivors (3072K)
 Metaspace       used 12490K, capacity 14253K, committed 14464K, reserved 1062912K
  class space    used 1646K, capacity 1865K, committed 1920K, reserved 1048576K
}
Event: 0,940 GC heap before
{Heap before GC invocations=4 (full 0):
 garbage-first heap   total 63488K, used 35871K [0x00000000c4000000, 0x0000000100000000)
  region size 1024K, 29 young (29696K), 3 survivors (3072K)
 Metaspace       used 14221K, capacity 16092K, committed 16256K, reserved 1062912K
  class space    used 1894K, capacity 2138K, committed 2176K, reserved 1048576K
}
Event: 0,944 GC heap after
{Heap after GC invocations=5 (full 0):
 garbage-first heap   total 82944K, used 10250K [0x00000000c4000000, 0x0000000100000000)
  region size 1024K, 3 young (3072K), 3 survivors (3072K)
 Metaspace       used 14221K, capacity 16092K, committed 16256K, reserved 1062912K
  class space    used 1894K, capacity 2138K, committed 2176K, reserved 1048576K
}
Event: 1,427 GC heap before
{Heap before GC invocations=5 (full 0):
 garbage-first heap   total 82944K, used 43018K [0x00000000c4000000, 0x0000000100000000)
  region size 1024K, 35 young (35840K), 3 survivors (3072K)
 Metaspace       used 18676K, capacity 20520K, committed 20736K, reserved 1067008K
  class space    used 2574K, capacity 2972K, committed 3072K, reserved 1048576K
}
Event: 1,433 GC heap after
{Heap after GC invocations=6 (full 0):
 garbage-first heap   total 82944K, used 12646K [0x00000000c4000000, 0x0000000100000000)
  region size 1024K, 5 young (5120K), 5 survivors (5120K)
 Metaspace       used 18676K, capacity 20520K, committed 20736K, reserved 1067008K
  class space    used 2574K, capacity 2972K, committed 3072K, reserved 1048576K
}
Event: 1,489 GC heap before
{Heap before GC invocations=6 (full 0):
 garbage-first heap   total 82944K, used 18790K [0x00000000c4000000, 0x0000000100000000)
  region size 1024K, 12 young (12288K), 5 survivors (5120K)
 Metaspace       used 19778K, capacity 21181K, committed 21248K, reserved 1067008K
  class space    used 2685K, capacity 3043K, committed 3072K, reserved 1048576K
}
Event: 1,495 GC heap after
{Heap after GC invocations=7 (full 0):
 garbage-first heap   total 82944K, used 13414K [0x00000000c4000000, 0x0000000100000000)
  region size 1024K, 4 young (4096K), 4 survivors (4096K)
 Metaspace       used 19778K, capacity 21181K, committed 21248K, reserved 1067008K
  class space    used 2685K, capacity 3043K, committed 3072K, reserved 1048576K
}
Event: 2,039 GC heap before
{Heap before GC invocations=8 (full 0):
 garbage-first heap   total 82944K, used 47206K [0x00000000c4000000, 0x0000000100000000)
  region size 1024K, 37 young (37888K), 4 survivors (4096K)
 Metaspace       used 24811K, capacity 25865K, committed 26108K, reserved 1071104K
  class space    used 3292K, capacity 3727K, committed 3836K, reserved 1048576K
}
Event: 2,058 GC heap after
{Heap after GC invocations=9 (full 0):
 garbage-first heap   total 82944K, used 16462K [0x00000000c4000000, 0x0000000100000000)
  region size 1024K, 4 young (4096K), 4 survivors (4096K)
 Metaspace       used 24811K, capacity 25865K, committed 26108K, reserved 1071104K
  class space    used 3292K, capacity 3727K, committed 3836K, reserved 1048576K
}
Event: 2,586 GC heap before
{Heap before GC invocations=9 (full 0):
 garbage-first heap   total 82944K, used 53326K [0x00000000c4000000, 0x0000000100000000)
  region size 1024K, 40 young (40960K), 4 survivors (4096K)
 Metaspace       used 31263K, capacity 32387K, committed 32636K, reserved 1077248K
  class space    used 4204K, capacity 4638K, committed 4732K, reserved 1048576K
}
Event: 2,590 GC heap after
{Heap after GC invocations=10 (full 0):
 garbage-first heap   total 117760K, used 17994K [0x00000000c4000000, 0x0000000100000000)
  region size 1024K, 2 young (2048K), 2 survivors (2048K)
 Metaspace       used 31263K, capacity 32387K, committed 32636K, reserved 1077248K
  class space    used 4204K, capacity 4638K, committed 4732K, reserved 1048576K
}
Event: 2,981 GC heap before
{Heap before GC invocations=10 (full 0):
 garbage-first heap   total 117760K, used 34378K [0x00000000c4000000, 0x0000000100000000)
  region size 1024K, 19 young (19456K), 2 survivors (2048K)
 Metaspace       used 34541K, capacity 35700K, committed 36048K, reserved 1081344K
  class space    used 4646K, capacity 5082K, committed 5116K, reserved 1048576K
}
Event: 2,985 GC heap after
{Heap after GC invocations=11 (full 0):
 garbage-first heap   total 117760K, used 18421K [0x00000000c4000000, 0x0000000100000000)
  region size 1024K, 3 young (3072K), 3 survivors (3072K)
 Metaspace       used 34541K, capacity 35700K, committed 36048K, reserved 1081344K
  class space    used 4646K, capacity 5082K, committed 5116K, reserved 1048576K
}
Event: 3,517 GC heap before
{Heap before GC invocations=12 (full 0):
 garbage-first heap   total 117760K, used 63477K [0x00000000c4000000, 0x0000000100000000)
  region size 1024K, 47 young (48128K), 3 survivors (3072K)
 Metaspace       used 39790K, capacity 41097K, committed 41244K, reserved 1085440K
  class space    used 5445K, capacity 5977K, committed 6012K, reserved 1048576K
}
Event: 3,521 GC heap after
{Heap after GC invocations=13 (full 0):
 garbage-first heap   total 117760K, used 21144K [0x00000000c4000000, 0x0000000100000000)
  region size 1024K, 5 young (5120K), 5 survivors (5120K)
 Metaspace       used 39790K, capacity 41097K, committed 41244K, reserved 1085440K
  class space    used 5445K, capacity 5977K, committed 6012K, reserved 1048576K
}

