# JRE version: OpenJDK Runtime Environment (11.0.14+9) (build 11.0.14+9-Ubuntu-0ubuntu2)
# Java VM: OpenJDK 64-Bit Server VM (11.0.14+9-Ubuntu-0ubuntu2, mixed mode, sharing, tiered, compressed oops, g1 gc, linux-amd64)
Heap:
 garbage-first heap   total 145408K, used 49455K [0x00000000c4000000, 0x0000000100000000)
  region size 1024K, 34 young (34816K), 5 survivors (5120K)
 Metaspace       used 47147K, capacity 48580K, committed 48892K, reserved 1091584K
  class space    used 6228K, capacity 6771K, committed 6908K, reserved 1048576K
GC Heap History (18 events):
Event: 0,230 GC heap before
{Heap before GC invocations=0 (full 0):
 garbage-first heap   total 63488K, used 16072K [0x00000000c4000000, 0x0000000100000000)
  region size 1024K, 14 young (14336K), 0 survivors (0K)
 Metaspace       used 2860K, capacity 6090K, committed 6272K, reserved 1056768K
  class space    used 321K, capacity 587K, committed 640K, reserved 1048576K
}
Event: 0,236 GC heap after
{Heap after GC invocations=1 (full 0):
 garbage-first heap   total 63488K, used 6156K [0x00000000c4000000, 0x0000000100000000)
  region size 1024K, 2 young (2048K), 2 survivors (2048K)
 Metaspace       used 2860K, capacity 6090K, committed 6272K, reserved 1056768K
  class space    used 321K, capacity 587K, committed 640K, reserved 1048576K
}
Event: 0,347 GC heap before
{Heap before GC invocations=1 (full 0):
 garbage-first heap   total 63488K, used 16396K [0x00000000c4000000, 0x0000000100000000)
  region size 1024K, 12 young (12288K), 2 survivors (2048K)
 Metaspace       used 4871K, capacity 7528K, committed 7808K, reserved 1056768K
  class space    used 633K, capacity 863K, committed 896K, reserved 1048576K
}
Event: 0,353 GC heap after
{Heap after GC invocations=2 (full 0):
 garbage-first heap   total 63488K, used 7261K [0x00000000c4000000, 0x0000000100000000)
  region size 1024K, 1 young (1024K), 1 survivors (1024K)
 Metaspace       used 4871K, capacity 7528K, committed 7808K, reserved 1056768K
  class space    used 633K, capacity 863K, committed 896K, reserved 1048576K
}
Event: 0,490 GC heap before
{Heap before GC invocations=2 (full 0):
 garbage-first heap   total 63488K, used 28765K [0x00000000c4000000, 0x0000000100000000)
  region size 1024K, 23 young (23552K), 1 survivors (1024K)
 Metaspace       used 8865K, capacity 10958K, committed 11264K, reserved 1058816K
  class space    used 1186K, capacity 1424K, committed 1536K, reserved 1048576K
}
Event: 0,493 GC heap after
{Heap after GC invocations=3 (full 0):
 garbage-first heap   total 63488K, used 8220K [0x00000000c4000000, 0x0000000100000000)
  region size 1024K, 2 young (2048K), 2 survivors (2048K)
 Metaspace       used 8865K, capacity 10958K, committed 11264K, reserved 1058816K
  class space    used 1186K, capacity 1424K, committed 1536K, reserved 1048576K
}
Event: 0,621 GC heap before
{Heap before GC invocations=3 (full 0):
 garbage-first heap   total 63488K, used 32796K [0x00000000c4000000, 0x0000000100000000)
  region size 1024K, 26 young (26624K), 2 survivors (2048K)
 Metaspace       used 12735K, capacity 14476K, committed 14720K, reserved 1062912K
  class space    used 1667K, capacity 1897K, committed 1920K, reserved 1048576K
}
Event: 0,637 GC heap after
{Heap after GC invocations=4 (full 0):
 garbage-first heap   total 63488K, used 9268K [0x00000000c4000000, 0x0000000100000000)
  region size 1024K, 3 young (3072K), 3 survivors (3072K)
 Metaspace       used 12735K, capacity 14476K, committed 14720K, reserved 1062912K
  class space    used 1667K, capacity 1897K, committed 1920K, reserved 1048576K
}
Event: 0,841 GC heap before
{Heap before GC invocations=4 (full 0):
 garbage-first heap   total 63488K, used 35892K [0x00000000c4000000, 0x0000000100000000)
  region size 1024K, 29 young (29696K), 3 survivors (3072K)
 Metaspace       used 14469K, capacity 16251K, committed 16512K, reserved 1062912K
  class space    used 1922K, capacity 2170K, committed 2176K, reserved 1048576K
}
Event: 0,846 GC heap after
{Heap after GC invocations=5 (full 0):
 garbage-first heap   total 109568K, used 10581K [0x00000000c4000000, 0x0000000100000000)
  region size 1024K, 3 young (3072K), 3 survivors (3072K)
 Metaspace       used 14469K, capacity 16251K, committed 16512K, reserved 1062912K
  class space    used 1922K, capacity 2170K, committed 2176K, reserved 1048576K
}
Event: 1,154 GC heap before
{Heap before GC invocations=5 (full 0):
 garbage-first heap   total 109568K, used 48469K [0x00000000c4000000, 0x0000000100000000)
  region size 1024K, 41 young (41984K), 3 survivors (3072K)
 Metaspace       used 19820K, capacity 21180K, committed 21248K, reserved 1067008K
  class space    used 2688K, capacity 3043K, committed 3072K, reserved 1048576K
}
Event: 1,161 GC heap after
{Heap after GC invocations=6 (full 0):
 garbage-first heap   total 109568K, used 12964K [0x00000000c4000000, 0x0000000100000000)
  region size 1024K, 5 young (5120K), 5 survivors (5120K)
 Metaspace       used 19820K, capacity 21180K, committed 21248K, reserved 1067008K
  class space    used 2688K, capacity 3043K, committed 3072K, reserved 1048576K
}
Event: 1,465 GC heap before
{Heap before GC invocations=7 (full 0):
 garbage-first heap   total 109568K, used 66212K [0x00000000c4000000, 0x0000000100000000)
  region size 1024K, 57 young (58368K), 5 survivors (5120K)
 Metaspace       used 28092K, capacity 29201K, committed 29564K, reserved 1075200K
  class space    used 3670K, capacity 4091K, committed 4220K, reserved 1048576K
}
Event: 1,473 GC heap after
{Heap after GC invocations=8 (full 0):
 garbage-first heap   total 109568K, used 16874K [0x00000000c4000000, 0x0000000100000000)
  region size 1024K, 8 young (8192K), 8 survivors (8192K)
 Metaspace       used 28092K, capacity 29201K, committed 29564K, reserved 1075200K
  class space    used 3670K, capacity 4091K, committed 4220K, reserved 1048576K
}
Event: 1,677 GC heap before
{Heap before GC invocations=8 (full 0):
 garbage-first heap   total 109568K, used 52714K [0x00000000c4000000, 0x0000000100000000)
  region size 1024K, 44 young (45056K), 8 survivors (8192K)
 Metaspace       used 34704K, capacity 35793K, committed 35964K, reserved 1079296K
  class space    used 4673K, capacity 5114K, committed 5244K, reserved 1048576K
}
Event: 1,685 GC heap after
{Heap after GC invocations=9 (full 0):
 garbage-first heap   total 109568K, used 18912K [0x00000000c4000000, 0x0000000100000000)
  region size 1024K, 6 young (6144K), 6 survivors (6144K)
 Metaspace       used 34704K, capacity 35793K, committed 35964K, reserved 1079296K
  class space    used 4673K, capacity 5114K, committed 5244K, reserved 1048576K
}
Event: 13,972 GC heap before
{Heap before GC invocations=10 (full 0):
 garbage-first heap   total 109568K, used 72160K [0x00000000c4000000, 0x0000000100000000)
  region size 1024K, 58 young (59392K), 6 survivors (6144K)
 Metaspace       used 41065K, capacity 42429K, committed 42492K, reserved 1085440K
  class space    used 5588K, capacity 6104K, committed 6140K, reserved 1048576K
}
Event: 13,982 GC heap after
{Heap after GC invocations=11 (full 0):
 garbage-first heap   total 145408K, used 21807K [0x00000000c4000000, 0x0000000100000000)
  region size 1024K, 5 young (5120K), 5 survivors (5120K)
 Metaspace       used 41065K, capacity 42429K, committed 42492K, reserved 1085440K
  class space    used 5588K, capacity 6104K, committed 6140K, reserved 1048576K
}

