# JRE version: OpenJDK Runtime Environment (11.0.14+9) (build 11.0.14+9-Ubuntu-0ubuntu2)
# Java VM: OpenJDK 64-Bit Server VM (11.0.14+9-Ubuntu-0ubuntu2, mixed mode, sharing, tiered, compressed oops, g1 gc, linux-amd64)
Heap:
 garbage-first heap   total 103424K, used 22428K [0x00000000c4000000, 0x0000000100000000)
  region size 1024K, 6 young (6144K), 5 survivors (5120K)
 Metaspace       used 47139K, capacity 48584K, committed 48892K, reserved 1091584K
  class space    used 6227K, capacity 6771K, committed 6908K, reserved 1048576K
GC Heap History (20 events):
Event: 0,414 GC heap before
{Heap before GC invocations=1 (full 0):
 garbage-first heap   total 63488K, used 17435K [0x00000000c4000000, 0x0000000100000000)
  region size 1024K, 13 young (13312K), 2 survivors (2048K)
 Metaspace       used 5101K, capacity 7770K, committed 7936K, reserved 1056768K
  class space    used 664K, capacity 902K, committed 1024K, reserved 1048576K
}
Event: 0,419 GC heap after
{Heap after GC invocations=2 (full 0):
 garbage-first heap   total 63488K, used 7270K [0x00000000c4000000, 0x0000000100000000)
  region size 1024K, 1 young (1024K), 1 survivors (1024K)
 Metaspace       used 5101K, capacity 7770K, committed 7936K, reserved 1056768K
  class space    used 664K, capacity 902K, committed 1024K, reserved 1048576K
}
Event: 0,576 GC heap before
{Heap before GC invocations=2 (full 0):
 garbage-first heap   total 63488K, used 28774K [0x00000000c4000000, 0x0000000100000000)
  region size 1024K, 23 young (23552K), 1 survivors (1024K)
 Metaspace       used 9072K, capacity 11192K, committed 11520K, reserved 1058816K
  class space    used 1214K, capacity 1459K, committed 1536K, reserved 1048576K
}
Event: 0,578 GC heap after
{Heap after GC invocations=3 (full 0):
 garbage-first heap   total 63488K, used 8206K [0x00000000c4000000, 0x0000000100000000)
  region size 1024K, 2 young (2048K), 2 survivors (2048K)
 Metaspace       used 9072K, capacity 11192K, committed 11520K, reserved 1058816K
  class space    used 1214K, capacity 1459K, committed 1536K, reserved 1048576K
}
Event: 0,718 GC heap before
{Heap before GC invocations=3 (full 0):
 garbage-first heap   total 63488K, used 33806K [0x00000000c4000000, 0x0000000100000000)
  region size 1024K, 27 young (27648K), 2 survivors (2048K)
 Metaspace       used 12936K, capacity 14685K, committed 14976K, reserved 1062912K
  class space    used 1698K, capacity 1904K, committed 1920K, reserved 1048576K
}
Event: 0,722 GC heap after
{Heap after GC invocations=4 (full 0):
 garbage-first heap   total 63488K, used 9582K [0x00000000c4000000, 0x0000000100000000)
  region size 1024K, 4 young (4096K), 4 survivors (4096K)
 Metaspace       used 12936K, capacity 14685K, committed 14976K, reserved 1062912K
  class space    used 1698K, capacity 1904K, committed 1920K, reserved 1048576K
}
Event: 0,922 GC heap before
{Heap before GC invocations=4 (full 0):
 garbage-first heap   total 63488K, used 36206K [0x00000000c4000000, 0x0000000100000000)
  region size 1024K, 30 young (30720K), 4 survivors (4096K)
 Metaspace       used 14728K, capacity 16573K, committed 16896K, reserved 1064960K
  class space    used 1967K, capacity 2212K, committed 2304K, reserved 1048576K
}
Event: 0,928 GC heap after
{Heap after GC invocations=5 (full 0):
 garbage-first heap   total 80896K, used 10678K [0x00000000c4000000, 0x0000000100000000)
  region size 1024K, 3 young (3072K), 3 survivors (3072K)
 Metaspace       used 14728K, capacity 16573K, committed 16896K, reserved 1064960K
  class space    used 1967K, capacity 2212K, committed 2304K, reserved 1048576K
}
Event: 1,229 GC heap before
{Heap before GC invocations=5 (full 0):
 garbage-first heap   total 80896K, used 45494K [0x00000000c4000000, 0x0000000100000000)
  region size 1024K, 38 young (38912K), 3 survivors (3072K)
 Metaspace       used 19804K, capacity 21180K, committed 21248K, reserved 1067008K
  class space    used 2685K, capacity 3042K, committed 3072K, reserved 1048576K
}
Event: 1,235 GC heap after
{Heap after GC invocations=6 (full 0):
 garbage-first heap   total 80896K, used 13055K [0x00000000c4000000, 0x0000000100000000)
  region size 1024K, 5 young (5120K), 5 survivors (5120K)
 Metaspace       used 19804K, capacity 21180K, committed 21248K, reserved 1067008K
  class space    used 2685K, capacity 3042K, committed 3072K, reserved 1048576K
}
Event: 1,497 GC heap before
{Heap before GC invocations=7 (full 0):
 garbage-first heap   total 80896K, used 52991K [0x00000000c4000000, 0x0000000100000000)
  region size 1024K, 44 young (45056K), 5 survivors (5120K)
 Metaspace       used 26509K, capacity 27610K, committed 28028K, reserved 1073152K
  class space    used 3429K, capacity 3861K, committed 3964K, reserved 1048576K
}
Event: 1,504 GC heap after
{Heap after GC invocations=8 (full 0):
 garbage-first heap   total 80896K, used 16413K [0x00000000c4000000, 0x0000000100000000)
  region size 1024K, 6 young (6144K), 6 survivors (6144K)
 Metaspace       used 26509K, capacity 27610K, committed 28028K, reserved 1073152K
  class space    used 3429K, capacity 3861K, committed 3964K, reserved 1048576K
}
Event: 1,710 GC heap before
{Heap before GC invocations=8 (full 0):
 garbage-first heap   total 80896K, used 55325K [0x00000000c4000000, 0x0000000100000000)
  region size 1024K, 44 young (45056K), 6 survivors (6144K)
 Metaspace       used 32736K, capacity 33905K, committed 34172K, reserved 1079296K
  class space    used 4394K, capacity 4846K, committed 4988K, reserved 1048576K
}
Event: 1,715 GC heap after
{Heap after GC invocations=9 (full 0):
 garbage-first heap   total 80896K, used 18286K [0x00000000c4000000, 0x0000000100000000)
  region size 1024K, 2 young (2048K), 2 survivors (2048K)
 Metaspace       used 32736K, capacity 33905K, committed 34172K, reserved 1079296K
  class space    used 4394K, capacity 4846K, committed 4988K, reserved 1048576K
}
Event: 1,772 GC heap before
{Heap before GC invocations=9 (full 0):
 garbage-first heap   total 80896K, used 28526K [0x00000000c4000000, 0x0000000100000000)
  region size 1024K, 13 young (13312K), 2 survivors (2048K)
 Metaspace       used 34690K, capacity 35796K, committed 35964K, reserved 1079296K
  class space    used 4673K, capacity 5114K, committed 5244K, reserved 1048576K
}
Event: 1,776 GC heap after
{Heap after GC invocations=10 (full 0):
 garbage-first heap   total 103424K, used 18286K [0x00000000c4000000, 0x0000000100000000)
  region size 1024K, 2 young (2048K), 2 survivors (2048K)
 Metaspace       used 34690K, capacity 35796K, committed 35964K, reserved 1079296K
  class space    used 4673K, capacity 5114K, committed 5244K, reserved 1048576K
}
Event: 2,042 GC heap before
{Heap before GC invocations=11 (full 0):
 garbage-first heap   total 103424K, used 58222K [0x00000000c4000000, 0x0000000100000000)
  region size 1024K, 41 young (41984K), 2 survivors (2048K)
 Metaspace       used 39505K, capacity 40830K, committed 41084K, reserved 1085440K
  class space    used 5400K, capacity 5933K, committed 6012K, reserved 1048576K
}
Event: 2,046 GC heap after
{Heap after GC invocations=12 (full 0):
 garbage-first heap   total 103424K, used 20518K [0x00000000c4000000, 0x0000000100000000)
  region size 1024K, 5 young (5120K), 5 survivors (5120K)
 Metaspace       used 39505K, capacity 40830K, committed 41084K, reserved 1085440K
  class space    used 5400K, capacity 5933K, committed 6012K, reserved 1048576K
}
Event: 27,022 GC heap before
{Heap before GC invocations=12 (full 0):
 garbage-first heap   total 103424K, used 60454K [0x00000000c4000000, 0x0000000100000000)
  region size 1024K, 45 young (46080K), 5 survivors (5120K)
 Metaspace       used 47087K, capacity 48520K, committed 48892K, reserved 1091584K
  class space    used 6218K, capacity 6771K, committed 6908K, reserved 1048576K
}
Event: 27,028 GC heap after
{Heap after GC invocations=13 (full 0):
 garbage-first heap   total 103424K, used 22428K [0x00000000c4000000, 0x0000000100000000)
  region size 1024K, 5 young (5120K), 5 survivors (5120K)
 Metaspace       used 47087K, capacity 48520K, committed 48892K, reserved 1091584K
  class space    used 6218K, capacity 6771K, committed 6908K, reserved 1048576K
}

