# JRE version: OpenJDK Runtime Environment (11.0.14+9) (build 11.0.14+9-Ubuntu-0ubuntu2)
# Java VM: OpenJDK 64-Bit Server VM (11.0.14+9-Ubuntu-0ubuntu2, mixed mode, sharing, tiered, compressed oops, g1 gc, linux-amd64)
Heap:
 garbage-first heap   total 139264K, used 39332K [0x00000000c4000000, 0x0000000100000000)
  region size 1024K, 25 young (25600K), 6 survivors (6144K)
 Metaspace       used 43976K, capacity 45400K, committed 45692K, reserved 1089536K
  class space    used 5902K, capacity 6456K, committed 6524K, reserved 1048576K
GC Heap History (18 events):
Event: 0,229 GC heap before
{Heap before GC invocations=0 (full 0):
 garbage-first heap   total 63488K, used 15048K [0x00000000c4000000, 0x0000000100000000)
  region size 1024K, 14 young (14336K), 0 survivors (0K)
 Metaspace       used 2902K, capacity 6104K, committed 6272K, reserved 1056768K
  class space    used 328K, capacity 592K, committed 640K, reserved 1048576K
}
Event: 0,239 GC heap after
{Heap after GC invocations=1 (full 0):
 garbage-first heap   total 63488K, used 6161K [0x00000000c4000000, 0x0000000100000000)
  region size 1024K, 2 young (2048K), 2 survivors (2048K)
 Metaspace       used 2902K, capacity 6104K, committed 6272K, reserved 1056768K
  class space    used 328K, capacity 592K, committed 640K, reserved 1048576K
}
Event: 0,355 GC heap before
{Heap before GC invocations=1 (full 0):
 garbage-first heap   total 63488K, used 17425K [0x00000000c4000000, 0x0000000100000000)
  region size 1024K, 13 young (13312K), 2 survivors (2048K)
 Metaspace       used 5185K, capacity 7859K, committed 8192K, reserved 1056768K
  class space    used 675K, capacity 911K, committed 1024K, reserved 1048576K
}
Event: 0,360 GC heap after
{Heap after GC invocations=2 (full 0):
 garbage-first heap   total 63488K, used 7297K [0x00000000c4000000, 0x0000000100000000)
  region size 1024K, 1 young (1024K), 1 survivors (1024K)
 Metaspace       used 5185K, capacity 7859K, committed 8192K, reserved 1056768K
  class space    used 675K, capacity 911K, committed 1024K, reserved 1048576K
}
Event: 0,497 GC heap before
{Heap before GC invocations=2 (full 0):
 garbage-first heap   total 63488K, used 28801K [0x00000000c4000000, 0x0000000100000000)
  region size 1024K, 23 young (23552K), 1 survivors (1024K)
 Metaspace       used 9126K, capacity 11186K, committed 11520K, reserved 1058816K
  class space    used 1211K, capacity 1457K, committed 1536K, reserved 1048576K
}
Event: 0,504 GC heap after
{Heap after GC invocations=3 (full 0):
 garbage-first heap   total 63488K, used 8263K [0x00000000c4000000, 0x0000000100000000)
  region size 1024K, 2 young (2048K), 2 survivors (2048K)
 Metaspace       used 9126K, capacity 11186K, committed 11520K, reserved 1058816K
  class space    used 1211K, capacity 1457K, committed 1536K, reserved 1048576K
}
Event: 0,630 GC heap before
{Heap before GC invocations=3 (full 0):
 garbage-first heap   total 63488K, used 32839K [0x00000000c4000000, 0x0000000100000000)
  region size 1024K, 27 young (27648K), 2 survivors (2048K)
 Metaspace       used 12969K, capacity 14720K, committed 15104K, reserved 1062912K
  class space    used 1701K, capacity 1937K, committed 2048K, reserved 1048576K
}
Event: 0,633 GC heap after
{Heap after GC invocations=4 (full 0):
 garbage-first heap   total 63488K, used 9736K [0x00000000c4000000, 0x0000000100000000)
  region size 1024K, 4 young (4096K), 4 survivors (4096K)
 Metaspace       used 12969K, capacity 14720K, committed 15104K, reserved 1062912K
  class space    used 1701K, capacity 1937K, committed 2048K, reserved 1048576K
}
Event: 0,830 GC heap before
{Heap before GC invocations=4 (full 0):
 garbage-first heap   total 63488K, used 36360K [0x00000000c4000000, 0x0000000100000000)
  region size 1024K, 30 young (30720K), 4 survivors (4096K)
 Metaspace       used 14770K, capacity 16605K, committed 16896K, reserved 1064960K
  class space    used 1971K, capacity 2244K, committed 2304K, reserved 1048576K
}
Event: 0,836 GC heap after
{Heap after GC invocations=5 (full 0):
 garbage-first heap   total 101376K, used 10633K [0x00000000c4000000, 0x0000000100000000)
  region size 1024K, 3 young (3072K), 3 survivors (3072K)
 Metaspace       used 14770K, capacity 16605K, committed 16896K, reserved 1064960K
  class space    used 1971K, capacity 2244K, committed 2304K, reserved 1048576K
}
Event: 1,127 GC heap before
{Heap before GC invocations=5 (full 0):
 garbage-first heap   total 101376K, used 45449K [0x00000000c4000000, 0x0000000100000000)
  region size 1024K, 38 young (38912K), 3 survivors (3072K)
 Metaspace       used 19827K, capacity 21181K, committed 21248K, reserved 1067008K
  class space    used 2687K, capacity 3043K, committed 3072K, reserved 1048576K
}
Event: 1,134 GC heap after
{Heap after GC invocations=6 (full 0):
 garbage-first heap   total 101376K, used 13117K [0x00000000c4000000, 0x0000000100000000)
  region size 1024K, 5 young (5120K), 5 survivors (5120K)
 Metaspace       used 19827K, capacity 21181K, committed 21248K, reserved 1067008K
  class space    used 2687K, capacity 3043K, committed 3072K, reserved 1048576K
}
Event: 1,423 GC heap before
{Heap before GC invocations=7 (full 0):
 garbage-first heap   total 101376K, used 60221K [0x00000000c4000000, 0x0000000100000000)
  region size 1024K, 51 young (52224K), 5 survivors (5120K)
 Metaspace       used 27519K, capacity 28653K, committed 28924K, reserved 1075200K
  class space    used 3558K, capacity 3994K, committed 4092K, reserved 1048576K
}
Event: 1,432 GC heap after
{Heap after GC invocations=8 (full 0):
 garbage-first heap   total 101376K, used 16724K [0x00000000c4000000, 0x0000000100000000)
  region size 1024K, 7 young (7168K), 7 survivors (7168K)
 Metaspace       used 27519K, capacity 28653K, committed 28924K, reserved 1075200K
  class space    used 3558K, capacity 3994K, committed 4092K, reserved 1048576K
}
Event: 1,657 GC heap before
{Heap before GC invocations=8 (full 0):
 garbage-first heap   total 101376K, used 57684K [0x00000000c4000000, 0x0000000100000000)
  region size 1024K, 48 young (49152K), 7 survivors (7168K)
 Metaspace       used 34633K, capacity 35795K, committed 35964K, reserved 1079296K
  class space    used 4654K, capacity 5114K, committed 5244K, reserved 1048576K
}
Event: 1,664 GC heap after
{Heap after GC invocations=9 (full 0):
 garbage-first heap   total 101376K, used 18324K [0x00000000c4000000, 0x0000000100000000)
  region size 1024K, 6 young (6144K), 6 survivors (6144K)
 Metaspace       used 34633K, capacity 35795K, committed 35964K, reserved 1079296K
  class space    used 4654K, capacity 5114K, committed 5244K, reserved 1048576K
}
Event: 1,974 GC heap before
{Heap before GC invocations=10 (full 0):
 garbage-first heap   total 101376K, used 67476K [0x00000000c4000000, 0x0000000100000000)
  region size 1024K, 54 young (55296K), 6 survivors (6144K)
 Metaspace       used 40168K, capacity 41478K, committed 41724K, reserved 1085440K
  class space    used 5485K, capacity 6021K, committed 6140K, reserved 1048576K
}
Event: 1,983 GC heap after
{Heap after GC invocations=11 (full 0):
 garbage-first heap   total 139264K, used 21924K [0x00000000c4000000, 0x0000000100000000)
  region size 1024K, 6 young (6144K), 6 survivors (6144K)
 Metaspace       used 40168K, capacity 41478K, committed 41724K, reserved 1085440K
  class space    used 5485K, capacity 6021K, committed 6140K, reserved 1048576K
}

