# JRE version: OpenJDK Runtime Environment (11.0.14+9) (build 11.0.14+9-Ubuntu-0ubuntu2)
# Java VM: OpenJDK 64-Bit Server VM (11.0.14+9-Ubuntu-0ubuntu2, mixed mode, sharing, tiered, compressed oops, g1 gc, linux-amd64)
Heap:
 garbage-first heap   total 110592K, used 48675K [0x00000000c4000000, 0x0000000100000000)
  region size 1024K, 34 young (34816K), 6 survivors (6144K)
 Metaspace       used 47349K, capacity 48744K, committed 49052K, reserved 1091584K
  class space    used 6249K, capacity 6804K, committed 6908K, reserved 1048576K
GC Heap History (20 events):
Event: 0,307 GC heap before
{Heap before GC invocations=0 (full 0):
 garbage-first heap   total 63488K, used 16072K [0x00000000c4000000, 0x0000000100000000)
  region size 1024K, 14 young (14336K), 0 survivors (0K)
 Metaspace       used 2845K, capacity 6090K, committed 6272K, reserved 1056768K
  class space    used 320K, capacity 587K, committed 640K, reserved 1048576K
}
Event: 0,314 GC heap after
{Heap after GC invocations=1 (full 0):
 garbage-first heap   total 63488K, used 6233K [0x00000000c4000000, 0x0000000100000000)
  region size 1024K, 2 young (2048K), 2 survivors (2048K)
 Metaspace       used 2845K, capacity 6090K, committed 6272K, reserved 1056768K
  class space    used 320K, capacity 587K, committed 640K, reserved 1048576K
}
Event: 0,429 GC heap before
{Heap before GC invocations=1 (full 0):
 garbage-first heap   total 63488K, used 14425K [0x00000000c4000000, 0x0000000100000000)
  region size 1024K, 10 young (10240K), 2 survivors (2048K)
 Metaspace       used 4429K, capacity 7224K, committed 7552K, reserved 1056768K
  class space    used 564K, capacity 803K, committed 896K, reserved 1048576K
}
Event: 0,435 GC heap after
{Heap after GC invocations=2 (full 0):
 garbage-first heap   total 63488K, used 7069K [0x00000000c4000000, 0x0000000100000000)
  region size 1024K, 1 young (1024K), 1 survivors (1024K)
 Metaspace       used 4429K, capacity 7224K, committed 7552K, reserved 1056768K
  class space    used 564K, capacity 803K, committed 896K, reserved 1048576K
}
Event: 0,633 GC heap before
{Heap before GC invocations=2 (full 0):
 garbage-first heap   total 63488K, used 28573K [0x00000000c4000000, 0x0000000100000000)
  region size 1024K, 22 young (22528K), 1 survivors (1024K)
 Metaspace       used 8304K, capacity 10382K, committed 10624K, reserved 1058816K
  class space    used 1132K, capacity 1360K, committed 1408K, reserved 1048576K
}
Event: 0,639 GC heap after
{Heap after GC invocations=3 (full 0):
 garbage-first heap   total 63488K, used 8223K [0x00000000c4000000, 0x0000000100000000)
  region size 1024K, 2 young (2048K), 2 survivors (2048K)
 Metaspace       used 8304K, capacity 10382K, committed 10624K, reserved 1058816K
  class space    used 1132K, capacity 1360K, committed 1408K, reserved 1048576K
}
Event: 0,758 GC heap before
{Heap before GC invocations=3 (full 0):
 garbage-first heap   total 63488K, used 31775K [0x00000000c4000000, 0x0000000100000000)
  region size 1024K, 25 young (25600K), 2 survivors (2048K)
 Metaspace       used 12262K, capacity 14028K, committed 14208K, reserved 1060864K
  class space    used 1627K, capacity 1833K, committed 1920K, reserved 1048576K
}
Event: 0,762 GC heap after
{Heap after GC invocations=4 (full 0):
 garbage-first heap   total 63488K, used 9329K [0x00000000c4000000, 0x0000000100000000)
  region size 1024K, 3 young (3072K), 3 survivors (3072K)
 Metaspace       used 12262K, capacity 14028K, committed 14208K, reserved 1060864K
  class space    used 1627K, capacity 1833K, committed 1920K, reserved 1048576K
}
Event: 0,922 GC heap before
{Heap before GC invocations=4 (full 0):
 garbage-first heap   total 63488K, used 34929K [0x00000000c4000000, 0x0000000100000000)
  region size 1024K, 28 young (28672K), 3 survivors (3072K)
 Metaspace       used 13707K, capacity 15516K, committed 15744K, reserved 1062912K
  class space    used 1822K, capacity 2055K, committed 2176K, reserved 1048576K
}
Event: 0,926 GC heap after
{Heap after GC invocations=5 (full 0):
 garbage-first heap   total 90112K, used 10266K [0x00000000c4000000, 0x0000000100000000)
  region size 1024K, 3 young (3072K), 3 survivors (3072K)
 Metaspace       used 13707K, capacity 15516K, committed 15744K, reserved 1062912K
  class space    used 1822K, capacity 2055K, committed 2176K, reserved 1048576K
}
Event: 1,228 GC heap before
{Heap before GC invocations=5 (full 0):
 garbage-first heap   total 90112K, used 45082K [0x00000000c4000000, 0x0000000100000000)
  region size 1024K, 37 young (37888K), 3 survivors (3072K)
 Metaspace       used 18539K, capacity 20359K, committed 20608K, reserved 1067008K
  class space    used 2540K, capacity 2918K, committed 2944K, reserved 1048576K
}
Event: 1,233 GC heap after
{Heap after GC invocations=6 (full 0):
 garbage-first heap   total 90112K, used 12575K [0x00000000c4000000, 0x0000000100000000)
  region size 1024K, 5 young (5120K), 5 survivors (5120K)
 Metaspace       used 18539K, capacity 20359K, committed 20608K, reserved 1067008K
  class space    used 2540K, capacity 2918K, committed 2944K, reserved 1048576K
}
Event: 1,295 GC heap before
{Heap before GC invocations=6 (full 0):
 garbage-first heap   total 90112K, used 19743K [0x00000000c4000000, 0x0000000100000000)
  region size 1024K, 13 young (13312K), 5 survivors (5120K)
 Metaspace       used 19712K, capacity 21113K, committed 21248K, reserved 1067008K
  class space    used 2676K, capacity 3042K, committed 3072K, reserved 1048576K
}
Event: 1,301 GC heap after
{Heap after GC invocations=7 (full 0):
 garbage-first heap   total 90112K, used 13332K [0x00000000c4000000, 0x0000000100000000)
  region size 1024K, 5 young (5120K), 5 survivors (5120K)
 Metaspace       used 19712K, capacity 21113K, committed 21248K, reserved 1067008K
  class space    used 2676K, capacity 3042K, committed 3072K, reserved 1048576K
}
Event: 1,685 GC heap before
{Heap before GC invocations=8 (full 0):
 garbage-first heap   total 90112K, used 59412K [0x00000000c4000000, 0x0000000100000000)
  region size 1024K, 50 young (51200K), 5 survivors (5120K)
 Metaspace       used 27204K, capacity 28293K, committed 28668K, reserved 1073152K
  class space    used 3519K, capacity 3960K, committed 4092K, reserved 1048576K
}
Event: 1,690 GC heap after
{Heap after GC invocations=9 (full 0):
 garbage-first heap   total 90112K, used 16945K [0x00000000c4000000, 0x0000000100000000)
  region size 1024K, 7 young (7168K), 7 survivors (7168K)
 Metaspace       used 27204K, capacity 28293K, committed 28668K, reserved 1073152K
  class space    used 3519K, capacity 3960K, committed 4092K, reserved 1048576K
}
Event: 1,924 GC heap before
{Heap before GC invocations=9 (full 0):
 garbage-first heap   total 90112K, used 59953K [0x00000000c4000000, 0x0000000100000000)
  region size 1024K, 50 young (51200K), 7 survivors (7168K)
 Metaspace       used 34593K, capacity 35697K, committed 36048K, reserved 1081344K
  class space    used 4645K, capacity 5082K, committed 5116K, reserved 1048576K
}
Event: 1,932 GC heap after
{Heap after GC invocations=10 (full 0):
 garbage-first heap   total 110592K, used 18959K [0x00000000c4000000, 0x0000000100000000)
  region size 1024K, 6 young (6144K), 6 survivors (6144K)
 Metaspace       used 34593K, capacity 35697K, committed 36048K, reserved 1081344K
  class space    used 4645K, capacity 5082K, committed 5116K, reserved 1048576K
}
Event: 13,451 GC heap before
{Heap before GC invocations=11 (full 0):
 garbage-first heap   total 110592K, used 75279K [0x00000000c4000000, 0x0000000100000000)
  region size 1024K, 62 young (63488K), 6 survivors (6144K)
 Metaspace       used 41872K, capacity 43265K, committed 43548K, reserved 1087488K
  class space    used 5671K, capacity 6212K, committed 6268K, reserved 1048576K
}
Event: 13,459 GC heap after
{Heap after GC invocations=12 (full 0):
 garbage-first heap   total 110592K, used 22051K [0x00000000c4000000, 0x0000000100000000)
  region size 1024K, 6 young (6144K), 6 survivors (6144K)
 Metaspace       used 41872K, capacity 43265K, committed 43548K, reserved 1087488K
  class space    used 5671K, capacity 6212K, committed 6268K, reserved 1048576K
}

